[debug] [2020-10-11T23:01:50.327Z] ----------------------------------------------------------------------
[debug] [2020-10-11T23:01:50.330Z] Command:       /usr/local/bin/node /usr/local/bin/firebase deploy
[debug] [2020-10-11T23:01:50.331Z] CLI Version:   8.11.2
[debug] [2020-10-11T23:01:50.331Z] Platform:      darwin
[debug] [2020-10-11T23:01:50.331Z] Node Version:  v12.18.4
[debug] [2020-10-11T23:01:50.333Z] Time:          Sun Oct 11 2020 19:01:50 GMT-0400 (Eastern Daylight Time)
[debug] [2020-10-11T23:01:50.333Z] ----------------------------------------------------------------------
[debug] [2020-10-11T23:01:50.334Z] 
[debug] [2020-10-11T23:01:50.347Z] > command requires scopes: ["email","openid","https://www.googleapis.com/auth/cloudplatformprojects.readonly","https://www.googleapis.com/auth/firebase","https://www.googleapis.com/auth/cloud-platform"]
[debug] [2020-10-11T23:01:50.348Z] > authorizing via signed-in user
[debug] [2020-10-11T23:01:50.348Z] [iam] checking project react-covid-tracker-25d87 for permissions ["firebase.projects.get","firebasehosting.sites.update"]
[debug] [2020-10-11T23:01:50.353Z] >>> HTTP REQUEST POST https://cloudresourcemanager.googleapis.com/v1/projects/react-covid-tracker-25d87:testIamPermissions  
 {"permissions":["firebase.projects.get","firebasehosting.sites.update"]}
[debug] [2020-10-11T23:01:50.650Z] <<< HTTP RESPONSE 200 {"content-type":"application/json; charset=UTF-8","vary":"X-Origin, Referer, Origin,Accept-Encoding","date":"Sun, 11 Oct 2020 23:01:50 GMT","server":"ESF","cache-control":"private","x-xss-protection":"0","x-frame-options":"SAMEORIGIN","x-content-type-options":"nosniff","server-timing":"gfet4t7; dur=153","alt-svc":"h3-Q050=\":443\"; ma=2592000,h3-29=\":443\"; ma=2592000,h3-27=\":443\"; ma=2592000,h3-T051=\":443\"; ma=2592000,h3-T050=\":443\"; ma=2592000,h3-Q046=\":443\"; ma=2592000,h3-Q043=\":443\"; ma=2592000,quic=\":443\"; ma=2592000; v=\"46,43\"","accept-ranges":"none","transfer-encoding":"chunked"}
[debug] [2020-10-11T23:01:50.653Z] >>> HTTP REQUEST GET https://firebase.googleapis.com/v1beta1/projects/react-covid-tracker-25d87  
 
[debug] [2020-10-11T23:01:50.841Z] <<< HTTP RESPONSE 200 {"content-type":"application/json; charset=UTF-8","vary":"X-Origin, Referer, Origin,Accept-Encoding","date":"Sun, 11 Oct 2020 23:01:50 GMT","server":"ESF","cache-control":"private","x-xss-protection":"0","x-frame-options":"SAMEORIGIN","x-content-type-options":"nosniff","alt-svc":"h3-Q050=\":443\"; ma=2592000,h3-29=\":443\"; ma=2592000,h3-27=\":443\"; ma=2592000,h3-T051=\":443\"; ma=2592000,h3-T050=\":443\"; ma=2592000,h3-Q046=\":443\"; ma=2592000,h3-Q043=\":443\"; ma=2592000,quic=\":443\"; ma=2592000; v=\"46,43\"","accept-ranges":"none","transfer-encoding":"chunked"}
[info] 
[info] === Deploying to 'react-covid-tracker-25d87'...
[info] 
[info] i  deploying hosting 
[debug] [2020-10-11T23:01:50.849Z] >>> HTTP REQUEST POST https://firebasehosting.googleapis.com/v1beta1/sites/react-covid-tracker-25d87/versions  
 {"config":{"rewrites":[{"glob":"**","path":"/index.html"}]},"labels":{"deployment-tool":"cli-firebase"}}
[debug] [2020-10-11T23:01:51.598Z] <<< HTTP RESPONSE 200 {"content-type":"application/json; charset=UTF-8","vary":"X-Origin, Referer, Origin,Accept-Encoding","date":"Sun, 11 Oct 2020 23:01:51 GMT","server":"ESF","cache-control":"private","x-xss-protection":"0","x-frame-options":"SAMEORIGIN","x-content-type-options":"nosniff","alt-svc":"h3-Q050=\":443\"; ma=2592000,h3-29=\":443\"; ma=2592000,h3-27=\":443\"; ma=2592000,h3-T051=\":443\"; ma=2592000,h3-T050=\":443\"; ma=2592000,h3-Q046=\":443\"; ma=2592000,h3-Q043=\":443\"; ma=2592000,quic=\":443\"; ma=2592000; v=\"46,43\"","accept-ranges":"none","transfer-encoding":"chunked"}
[info] i  hosting[react-covid-tracker-25d87]: beginning deploy... 
[info] i  hosting[react-covid-tracker-25d87]: found 20 files in build 
[debug] [2020-10-11T23:01:52.008Z] [hosting] hash cache [YnVpbGQ] stored for 20 files
[debug] [2020-10-11T23:01:52.008Z] [hosting][hash queue][FINAL] {"max":367,"min":23,"avg":43.9,"active":0,"complete":20,"success":20,"errored":0,"retried":0,"total":20,"elapsed":383}
[debug] [2020-10-11T23:01:52.009Z] >>> HTTP REQUEST POST https://firebasehosting.googleapis.com/v1beta1/sites/react-covid-tracker-25d87/versions/39788083fb92e489:populateFiles  
 <request body omitted>
[debug] [2020-10-11T23:01:52.496Z] <<< HTTP RESPONSE 200 {"content-type":"application/json; charset=UTF-8","vary":"X-Origin, Referer, Origin,Accept-Encoding","date":"Sun, 11 Oct 2020 23:01:52 GMT","server":"ESF","cache-control":"private","x-xss-protection":"0","x-frame-options":"SAMEORIGIN","x-content-type-options":"nosniff","alt-svc":"h3-Q050=\":443\"; ma=2592000,h3-29=\":443\"; ma=2592000,h3-27=\":443\"; ma=2592000,h3-T051=\":443\"; ma=2592000,h3-T050=\":443\"; ma=2592000,h3-Q046=\":443\"; ma=2592000,h3-Q043=\":443\"; ma=2592000,quic=\":443\"; ma=2592000; v=\"46,43\"","accept-ranges":"none","transfer-encoding":"chunked"}
[debug] [2020-10-11T23:01:52.504Z] [hosting][populate queue][FINAL] {"max":494,"min":494,"avg":494,"active":0,"complete":1,"success":1,"errored":0,"retried":0,"total":1,"elapsed":499}
[debug] [2020-10-11T23:01:52.505Z] [hosting] uploads queued: 6
